<?xml version="1.0" encoding="utf-8"?><testsuites name="pytest tests"><testsuite name="pytest" errors="0" failures="0" skipped="0" tests="14" time="4.955" timestamp="2026-04-17T14:59:32.675369+00:00" hostname="agent-env-f7c5d6eb-d488-4e9e-b38e-1d819d81fc3f"><testcase classname="backend.tests.test_chat_api.TestChatAPI" name="test_client_login" time="0.382" /><testcase classname="backend.tests.test_chat_api.TestChatAPI" name="test_driver_login" time="0.341" /><testcase classname="backend.tests.test_chat_api.TestChatAPI" name="test_send_message_as_client" time="0.949" /><testcase classname="backend.tests.test_chat_api.TestChatAPI" name="test_send_message_as_driver" time="0.121" /><testcase classname="backend.tests.test_chat_api.TestChatAPI" name="test_get_messages_as_client" time="0.117" /><testcase classname="backend.tests.test_chat_api.TestChatAPI" name="test_get_messages_as_driver" time="0.131" /><testcase classname="backend.tests.test_chat_api.TestChatAPI" name="test_get_unread_count_as_client" time="0.114" /><testcase classname="backend.tests.test_chat_api.TestChatAPI" name="test_get_unread_count_as_driver" time="0.108" /><testcase classname="backend.tests.test_chat_api.TestChatAPI" name="test_messages_marked_as_read" time="0.441" /><testcase classname="backend.tests.test_chat_api.TestChatAPI" name="test_chat_requires_active_course" time="0.222" /><testcase classname="backend.tests.test_chat_api.TestChatAPI" name="test_message_validation" time="0.134" /><testcase classname="backend.tests.test_chat_api.TestChatAPI" name="test_unauthorized_access" time="0.112" /><testcase classname="backend.tests.test_chat_api.TestChatAPI" name="test_nonexistent_course" time="0.117" /><testcase classname="backend.tests.test_chat_api.TestChatFlow" name="test_full_chat_conversation" time="1.598" /></testsuite></testsuites>