<?xml version="1.0" encoding="utf-8"?><testsuites name="pytest tests"><testsuite name="pytest" errors="0" failures="0" skipped="0" tests="17" time="9.350" timestamp="2026-02-07T01:33:18.030378+00:00" hostname="agent-env-90cb5b66-e460-4ca9-8ef4-9bb548e2fbfc"><testcase classname="backend.tests.test_taxig_api.TestHealthAndRoot" name="test_health_endpoint" time="0.078" /><testcase classname="backend.tests.test_taxig_api.TestHealthAndRoot" name="test_root_endpoint" time="0.040" /><testcase classname="backend.tests.test_taxig_api.TestClientAuthentication" name="test_client_login_with_test_credentials" time="1.385" /><testcase classname="backend.tests.test_taxig_api.TestClientAuthentication" name="test_client_login_invalid_credentials" time="0.150" /><testcase classname="backend.tests.test_taxig_api.TestChauffeurAuthentication" name="test_chauffeur_login_with_test_credentials" time="0.373" /><testcase classname="backend.tests.test_taxig_api.TestChauffeurAuthentication" name="test_chauffeur_login_invalid_credentials" time="0.148" /><testcase classname="backend.tests.test_taxig_api.TestPriceCalculation" name="test_price_calculation_paris_lyon_465km" time="0.449" /><testcase classname="backend.tests.test_taxig_api.TestPriceCalculation" name="test_price_calculation_short_trip" time="0.416" /><testcase classname="backend.tests.test_taxig_api.TestCourseBooking" name="test_course_booking_flow" time="0.877" /><testcase classname="backend.tests.test_taxig_api.TestCourseBooking" name="test_get_course_details" time="1.042" /><testcase classname="backend.tests.test_taxig_api.TestChauffeurOperations" name="test_chauffeur_profile" time="0.533" /><testcase classname="backend.tests.test_taxig_api.TestChauffeurOperations" name="test_chauffeur_pointer" time="0.865" /><testcase classname="backend.tests.test_taxig_api.TestChauffeurOperations" name="test_chauffeur_position_update" time="0.901" /><testcase classname="backend.tests.test_taxig_api.TestChauffeurOperations" name="test_chauffeur_pending_course" time="0.734" /><testcase classname="backend.tests.test_taxig_api.TestPublicEndpoints" name="test_get_active_chauffeurs" time="0.147" /><testcase classname="backend.tests.test_taxig_api.TestClientStats" name="test_client_courses_history" time="0.520" /><testcase classname="backend.tests.test_taxig_api.TestClientStats" name="test_client_stats" time="0.560" /></testsuite></testsuites>