<?xml version="1.0" encoding="utf-8"?><testsuites name="pytest tests"><testsuite name="pytest" errors="0" failures="0" skipped="0" tests="24" time="8.072" timestamp="2026-04-11T14:46:59.740630+00:00" hostname="agent-env-f7c5d6eb-d488-4e9e-b38e-1d819d81fc3f"><testcase classname="backend.tests.test_taxig_api.TestHealthEndpoint" name="test_health_endpoint" time="0.174" /><testcase classname="backend.tests.test_taxig_api.TestHealthEndpoint" name="test_root_endpoint" time="0.108" /><testcase classname="backend.tests.test_taxig_api.TestPublicEndpoints" name="test_get_active_chauffeurs" time="0.150" /><testcase classname="backend.tests.test_taxig_api.TestClientAuth" name="test_client_register_new_user" time="0.341" /><testcase classname="backend.tests.test_taxig_api.TestClientAuth" name="test_client_login_valid_credentials" time="0.376" /><testcase classname="backend.tests.test_taxig_api.TestClientAuth" name="test_client_login_invalid_credentials" time="0.104" /><testcase classname="backend.tests.test_taxig_api.TestClientAuth" name="test_client_profile_authenticated" time="0.376" /><testcase classname="backend.tests.test_taxig_api.TestClientAuth" name="test_client_profile_unauthenticated" time="0.114" /><testcase classname="backend.tests.test_taxig_api.TestChauffeurAuth" name="test_chauffeur_register_new" time="0.323" /><testcase classname="backend.tests.test_taxig_api.TestChauffeurAuth" name="test_chauffeur_login_valid" time="0.502" /><testcase classname="backend.tests.test_taxig_api.TestChauffeurAuth" name="test_chauffeur_login_invalid" time="0.107" /><testcase classname="backend.tests.test_taxig_api.TestChauffeurAuth" name="test_chauffeur_profile" time="0.377" /><testcase classname="backend.tests.test_taxig_api.TestChauffeurAuth" name="test_chauffeur_pointer" time="0.374" /><testcase classname="backend.tests.test_taxig_api.TestAdminAuth" name="test_admin_register_and_login" time="0.395" /><testcase classname="backend.tests.test_taxig_api.TestAdminAuth" name="test_admin_login_invalid" time="0.103" /><testcase classname="backend.tests.test_taxig_api.TestAdminAuth" name="test_admin_dashboard" time="0.432" /><testcase classname="backend.tests.test_taxig_api.TestAdminAuth" name="test_admin_get_chauffeurs" time="0.489" /><testcase classname="backend.tests.test_taxig_api.TestAdminAuth" name="test_admin_get_clients" time="0.523" /><testcase classname="backend.tests.test_taxig_api.TestCourseBooking" name="test_course_estimate" time="0.463" /><testcase classname="backend.tests.test_taxig_api.TestCourseBooking" name="test_course_estimate_long_distance" time="0.440" /><testcase classname="backend.tests.test_taxig_api.TestCourseBooking" name="test_course_book" time="0.417" /><testcase classname="backend.tests.test_taxig_api.TestClientFeatures" name="test_client_courses_history" time="0.448" /><testcase classname="backend.tests.test_taxig_api.TestClientFeatures" name="test_client_stats" time="0.432" /><testcase classname="backend.tests.test_taxig_api.TestClientFeatures" name="test_client_roulette" time="0.444" /></testsuite></testsuites>