<?xml version="1.0" encoding="utf-8"?><testsuites name="pytest tests"><testsuite name="pytest" errors="0" failures="1" skipped="0" tests="24" time="10.220" timestamp="2026-04-17T09:44:08.679729+00:00" hostname="agent-env-f7c5d6eb-d488-4e9e-b38e-1d819d81fc3f"><testcase classname="backend.tests.test_new_features.TestAuth" name="test_client_login" time="0.419" /><testcase classname="backend.tests.test_new_features.TestAuth" name="test_driver_login" time="0.329" /><testcase classname="backend.tests.test_new_features.TestAuth" name="test_admin_login" time="0.343" /><testcase classname="backend.tests.test_new_features.TestRatingSystem" name="test_get_chauffeur_rating_public" time="0.240" /><testcase classname="backend.tests.test_new_features.TestRatingSystem" name="test_get_course_rating_requires_auth" time="0.436" /><testcase classname="backend.tests.test_new_features.TestRatingSystem" name="test_rate_course_requires_completed_status" time="0.435" /><testcase classname="backend.tests.test_new_features.TestRatingSystem" name="test_rate_course_validation" time="0.560" /><testcase classname="backend.tests.test_new_features.TestDocumentUpload" name="test_get_documents_requires_auth" time="0.094" /><testcase classname="backend.tests.test_new_features.TestDocumentUpload" name="test_get_documents_as_driver" time="0.419" /><testcase classname="backend.tests.test_new_features.TestDocumentUpload" name="test_upload_document_invalid_type" time="0.424" /><testcase classname="backend.tests.test_new_features.TestDocumentUpload" name="test_upload_document_valid" time="0.438" /><testcase classname="backend.tests.test_new_features.TestDocumentUpload" name="test_upload_document_all_types" time="0.686" /><testcase classname="backend.tests.test_new_features.TestAdminDocumentVerification" name="test_admin_get_chauffeur_documents" time="0.590" /><testcase classname="backend.tests.test_new_features.TestAdminDocumentVerification" name="test_admin_verify_document_approve" time="0.862" /><testcase classname="backend.tests.test_new_features.TestAdminDocumentVerification" name="test_admin_verify_document_reject" time="0.858" /><testcase classname="backend.tests.test_new_features.TestAdminDocumentVerification" name="test_admin_verify_invalid_status" time="0.426" /><testcase classname="backend.tests.test_new_features.TestDriverDashboardFeatures" name="test_driver_profile" time="0.435" /><testcase classname="backend.tests.test_new_features.TestDriverDashboardFeatures" name="test_driver_pending_course" time="0.441" /><testcase classname="backend.tests.test_new_features.TestDriverDashboardFeatures" name="test_driver_revenus" time="0.421" /><testcase classname="backend.tests.test_new_features.TestAdminDashboard" name="test_admin_dashboard" time="0.440"><failure message="AssertionError: assert 'total_chauffeurs' in {'recent_pointages': [{'action': 'start', 'chauffeur_id': 'chauffeur_taxi001', 'chauffeur_nom': 'Jean Martin', 'id': '30f2d85d-57fa-4b38-8d4c-f4783d00afaf', ...}, {'action': 'start', 'chauffeur_id': '8467e699-5085-4ce7-bb07-b2ef483a894e', 'chauffeur_nom': 'Chauffeur TestDriver4', 'id': '42ccc723-b845-42c9-a620-16bb863a467c', ...}, {'action': 'start', 'chauffeur_id': 'a8482c51-02e1-4d26-8ea4-2f337bda3915', 'chauffeur_nom': 'Chauffeur TestDriver3', 'id': '5f3e06da-6cdd-463d-ba65-41d405b29a46', ...}, {'action': 'start', 'chauffeur_id': '2611936d-afc5-4c27-bb0b-78089ae73726', 'chauffeur_nom': 'Chauffeur TestDriver2', 'id': '55904471-236f-4c2d-a5e4-ec7eeed5a802', ...}, {'action': 'end', 'chauffeur_id': 'chauffeur_taxi001', 'chauffeur_nom': 'Jean Martin', 'id': '76665224-ff7b-4243-9853-8c9a7bc93123', ...}, {'action': 'start', 'chauffeur_id': 'chauffeur_taxi001', 'chauffeur_nom': 'Jean Martin', 'id': '169c44a2-ff44-4ea4-bf93-a15a4a3857a2', ...}, ...], 'stats': {'active_chauffeurs': 44, 'commission_total': 3929.97, 'completed_courses': 7, 'total_chauffeurs': 47, ...}}">backend/tests/test_new_features.py:382: in test_admin_dashboard
    assert "total_chauffeurs" in data
E   AssertionError: assert 'total_chauffeurs' in {'recent_pointages': [{'action': 'start', 'chauffeur_id': 'chauffeur_taxi001', 'chauffeur_nom': 'Jean Martin', 'id': '30f2d85d-57fa-4b38-8d4c-f4783d00afaf', ...}, {'action': 'start', 'chauffeur_id': '8467e699-5085-4ce7-bb07-b2ef483a894e', 'chauffeur_nom': 'Chauffeur TestDriver4', 'id': '42ccc723-b845-42c9-a620-16bb863a467c', ...}, {'action': 'start', 'chauffeur_id': 'a8482c51-02e1-4d26-8ea4-2f337bda3915', 'chauffeur_nom': 'Chauffeur TestDriver3', 'id': '5f3e06da-6cdd-463d-ba65-41d405b29a46', ...}, {'action': 'start', 'chauffeur_id': '2611936d-afc5-4c27-bb0b-78089ae73726', 'chauffeur_nom': 'Chauffeur TestDriver2', 'id': '55904471-236f-4c2d-a5e4-ec7eeed5a802', ...}, {'action': 'end', 'chauffeur_id': 'chauffeur_taxi001', 'chauffeur_nom': 'Jean Martin', 'id': '76665224-ff7b-4243-9853-8c9a7bc93123', ...}, {'action': 'start', 'chauffeur_id': 'chauffeur_taxi001', 'chauffeur_nom': 'Jean Martin', 'id': '169c44a2-ff44-4ea4-bf93-a15a4a3857a2', ...}, ...], 'stats': {'active_chauffeurs': 44, 'commission_total': 3929.97, 'completed_courses': 7, 'total_chauffeurs': 47, ...}}</failure></testcase><testcase classname="backend.tests.test_new_features.TestAdminDashboard" name="test_admin_chauffeurs_list" time="0.444" /><testcase classname="backend.tests.test_new_features.TestHealthAndBasics" name="test_health_endpoint" time="0.119" /><testcase classname="backend.tests.test_new_features.TestHealthAndBasics" name="test_root_endpoint" time="0.099" /><testcase classname="backend.tests.test_new_features.TestHealthAndBasics" name="test_active_chauffeurs" time="0.111" /></testsuite></testsuites>